<?xml version="1.0" encoding="UTF-8"?>
<testng-results ignored="0" total="4" passed="4" failed="0" skipped="0">
  <reporter-output>
  </reporter-output>
  <suite started-at="2023-09-11T17:30:22 IST" name="Default suite" finished-at="2023-09-11T17:30:22 IST" duration-ms="245">
    <groups>
    </groups>
    <test started-at="2023-09-11T17:30:22 IST" name="Default test" finished-at="2023-09-11T17:30:22 IST" duration-ms="245">
      <class name="AutomationTesting.NewTest">
        <test-method signature="Test_1()[pri:1, instance:AutomationTesting.NewTest@644baf4a]" started-at="2023-09-11T17:30:22 IST" name="Test_1" finished-at="2023-09-11T17:30:22 IST" duration-ms="21" status="PASS">
          <reporter-output>
          </reporter-output>
        </test-method> <!-- Test_1 -->
        <test-method signature="Test_2()[pri:2, instance:AutomationTesting.NewTest@644baf4a]" started-at="2023-09-11T17:30:22 IST" name="Test_2" finished-at="2023-09-11T17:30:22 IST" duration-ms="26" status="PASS">
          <reporter-output>
          </reporter-output>
        </test-method> <!-- Test_2 -->
        <test-method signature="Test_3()[pri:3, instance:AutomationTesting.NewTest@644baf4a]" started-at="2023-09-11T17:30:22 IST" name="Test_3" finished-at="2023-09-11T17:30:22 IST" duration-ms="15" status="PASS">
          <reporter-output>
          </reporter-output>
        </test-method> <!-- Test_3 -->
        <test-method signature="Test_4()[pri:4, instance:AutomationTesting.NewTest@644baf4a]" started-at="2023-09-11T17:30:22 IST" name="Test_4" finished-at="2023-09-11T17:30:22 IST" duration-ms="4" status="PASS">
          <reporter-output>
          </reporter-output>
        </test-method> <!-- Test_4 -->
      </class> <!-- AutomationTesting.NewTest -->
    </test> <!-- Default test -->
  </suite> <!-- Default suite -->
</testng-results>
